[2022-10-10 10:28:40,828] INFO [Controller id=0 epoch=1] Sending UpdateMetadata request to brokers HashSet(0) for 0 partitions (state.change.logger)
[2022-10-10 10:37:45,905] INFO [Controller id=0 epoch=1] Changed partition notificationTopic-0 state from NonExistentPartition to NewPartition with assigned replicas 0 (state.change.logger)
[2022-10-10 10:37:45,906] INFO [Controller id=0 epoch=1] Sending UpdateMetadata request to brokers HashSet() for 0 partitions (state.change.logger)
[2022-10-10 10:37:45,915] INFO [Controller id=0 epoch=1] Sending UpdateMetadata request to brokers HashSet() for 0 partitions (state.change.logger)
[2022-10-10 10:37:45,948] INFO [Controller id=0 epoch=1] Changed partition notificationTopic-0 from NewPartition to OnlinePartition with state LeaderAndIsr(leader=0, leaderEpoch=0, isr=List(0), leaderRecoveryState=RECOVERED, partitionEpoch=0) (state.change.logger)
[2022-10-10 10:37:45,950] INFO [Controller id=0 epoch=1] Sending LeaderAndIsr request to broker 0 with 1 become-leader and 0 become-follower partitions (state.change.logger)
[2022-10-10 10:37:45,953] INFO [Controller id=0 epoch=1] Sending UpdateMetadata request to brokers HashSet(0) for 1 partitions (state.change.logger)
[2022-10-10 10:37:45,955] INFO [Controller id=0 epoch=1] Sending UpdateMetadata request to brokers HashSet() for 0 partitions (state.change.logger)
[2022-10-10 10:37:45,960] INFO [Broker id=0] Handling LeaderAndIsr request correlationId 1 from controller 0 for 1 partitions (state.change.logger)
[2022-10-10 10:37:45,964] INFO [Controller id=0 epoch=1] Changed partition __consumer_offsets-22 state from NonExistentPartition to NewPartition with assigned replicas 0 (state.change.logger)
[2022-10-10 10:37:45,964] INFO [Controller id=0 epoch=1] Changed partition __consumer_offsets-30 state from NonExistentPartition to NewPartition with assigned replicas 0 (state.change.logger)
[2022-10-10 10:37:45,964] INFO [Controller id=0 epoch=1] Changed partition __consumer_offsets-25 state from NonExistentPartition to NewPartition with assigned replicas 0 (state.change.logger)
[2022-10-10 10:37:45,964] INFO [Controller id=0 epoch=1] Changed partition __consumer_offsets-35 state from NonExistentPartition to NewPartition with assigned replicas 0 (state.change.logger)
[2022-10-10 10:37:45,964] INFO [Controller id=0 epoch=1] Changed partition __consumer_offsets-37 state from NonExistentPartition to NewPartition with assigned replicas 0 (state.change.logger)
[2022-10-10 10:37:45,964] INFO [Controller id=0 epoch=1] Changed partition __consumer_offsets-38 state from NonExistentPartition to NewPartition with assigned replicas 0 (state.change.logger)
[2022-10-10 10:37:45,965] INFO [Controller id=0 epoch=1] Changed partition __consumer_offsets-13 state from NonExistentPartition to NewPartition with assigned replicas 0 (state.change.logger)
[2022-10-10 10:37:45,965] INFO [Controller id=0 epoch=1] Changed partition __consumer_offsets-8 state from NonExistentPartition to NewPartition with assigned replicas 0 (state.change.logger)
[2022-10-10 10:37:45,965] INFO [Controller id=0 epoch=1] Changed partition __consumer_offsets-21 state from NonExistentPartition to NewPartition with assigned replicas 0 (state.change.logger)
[2022-10-10 10:37:45,965] INFO [Controller id=0 epoch=1] Changed partition __consumer_offsets-4 state from NonExistentPartition to NewPartition with assigned replicas 0 (state.change.logger)
[2022-10-10 10:37:45,965] INFO [Controller id=0 epoch=1] Changed partition __consumer_offsets-27 state from NonExistentPartition to NewPartition with assigned replicas 0 (state.change.logger)
[2022-10-10 10:37:45,965] INFO [Controller id=0 epoch=1] Changed partition __consumer_offsets-7 state from NonExistentPartition to NewPartition with assigned replicas 0 (state.change.logger)
[2022-10-10 10:37:45,965] INFO [Controller id=0 epoch=1] Changed partition __consumer_offsets-9 state from NonExistentPartition to NewPartition with assigned replicas 0 (state.change.logger)
[2022-10-10 10:37:45,965] INFO [Controller id=0 epoch=1] Changed partition __consumer_offsets-46 state from NonExistentPartition to NewPartition with assigned replicas 0 (state.change.logger)
[2022-10-10 10:37:45,965] INFO [Controller id=0 epoch=1] Changed partition __consumer_offsets-41 state from NonExistentPartition to NewPartition with assigned replicas 0 (state.change.logger)
[2022-10-10 10:37:45,965] INFO [Controller id=0 epoch=1] Changed partition __consumer_offsets-33 state from NonExistentPartition to NewPartition with assigned replicas 0 (state.change.logger)
[2022-10-10 10:37:45,966] INFO [Controller id=0 epoch=1] Changed partition __consumer_offsets-23 state from NonExistentPartition to NewPartition with assigned replicas 0 (state.change.logger)
[2022-10-10 10:37:45,966] INFO [Controller id=0 epoch=1] Changed partition __consumer_offsets-49 state from NonExistentPartition to NewPartition with assigned replicas 0 (state.change.logger)
[2022-10-10 10:37:45,966] INFO [Controller id=0 epoch=1] Changed partition __consumer_offsets-47 state from NonExistentPartition to NewPartition with assigned replicas 0 (state.change.logger)
[2022-10-10 10:37:45,966] INFO [Controller id=0 epoch=1] Changed partition __consumer_offsets-16 state from NonExistentPartition to NewPartition with assigned replicas 0 (state.change.logger)
[2022-10-10 10:37:45,966] INFO [Controller id=0 epoch=1] Changed partition __consumer_offsets-28 state from NonExistentPartition to NewPartition with assigned replicas 0 (state.change.logger)
[2022-10-10 10:37:45,966] INFO [Controller id=0 epoch=1] Changed partition __consumer_offsets-31 state from NonExistentPartition to NewPartition with assigned replicas 0 (state.change.logger)
[2022-10-10 10:37:45,966] INFO [Controller id=0 epoch=1] Changed partition __consumer_offsets-36 state from NonExistentPartition to NewPartition with assigned replicas 0 (state.change.logger)
[2022-10-10 10:37:45,966] INFO [Controller id=0 epoch=1] Changed partition __consumer_offsets-42 state from NonExistentPartition to NewPartition with assigned replicas 0 (state.change.logger)
[2022-10-10 10:37:45,966] INFO [Controller id=0 epoch=1] Changed partition __consumer_offsets-3 state from NonExistentPartition to NewPartition with assigned replicas 0 (state.change.logger)
[2022-10-10 10:37:45,966] INFO [Controller id=0 epoch=1] Changed partition __consumer_offsets-18 state from NonExistentPartition to NewPartition with assigned replicas 0 (state.change.logger)
[2022-10-10 10:37:45,966] INFO [Controller id=0 epoch=1] Changed partition __consumer_offsets-15 state from NonExistentPartition to NewPartition with assigned replicas 0 (state.change.logger)
[2022-10-10 10:37:45,966] INFO [Controller id=0 epoch=1] Changed partition __consumer_offsets-24 state from NonExistentPartition to NewPartition with assigned replicas 0 (state.change.logger)
[2022-10-10 10:37:45,966] INFO [Controller id=0 epoch=1] Changed partition __consumer_offsets-17 state from NonExistentPartition to NewPartition with assigned replicas 0 (state.change.logger)
[2022-10-10 10:37:45,967] INFO [Controller id=0 epoch=1] Changed partition __consumer_offsets-48 state from NonExistentPartition to NewPartition with assigned replicas 0 (state.change.logger)
[2022-10-10 10:37:45,968] INFO [Controller id=0 epoch=1] Changed partition __consumer_offsets-19 state from NonExistentPartition to NewPartition with assigned replicas 0 (state.change.logger)
[2022-10-10 10:37:45,968] INFO [Controller id=0 epoch=1] Changed partition __consumer_offsets-11 state from NonExistentPartition to NewPartition with assigned replicas 0 (state.change.logger)
[2022-10-10 10:37:45,968] INFO [Controller id=0 epoch=1] Changed partition __consumer_offsets-2 state from NonExistentPartition to NewPartition with assigned replicas 0 (state.change.logger)
[2022-10-10 10:37:45,968] INFO [Controller id=0 epoch=1] Changed partition __consumer_offsets-43 state from NonExistentPartition to NewPartition with assigned replicas 0 (state.change.logger)
[2022-10-10 10:37:45,968] INFO [Controller id=0 epoch=1] Changed partition __consumer_offsets-6 state from NonExistentPartition to NewPartition with assigned replicas 0 (state.change.logger)
[2022-10-10 10:37:45,968] INFO [Controller id=0 epoch=1] Changed partition __consumer_offsets-14 state from NonExistentPartition to NewPartition with assigned replicas 0 (state.change.logger)
[2022-10-10 10:37:45,968] INFO [Controller id=0 epoch=1] Changed partition __consumer_offsets-20 state from NonExistentPartition to NewPartition with assigned replicas 0 (state.change.logger)
[2022-10-10 10:37:45,970] INFO [Controller id=0 epoch=1] Changed partition __consumer_offsets-0 state from NonExistentPartition to NewPartition with assigned replicas 0 (state.change.logger)
[2022-10-10 10:37:45,970] INFO [Controller id=0 epoch=1] Changed partition __consumer_offsets-44 state from NonExistentPartition to NewPartition with assigned replicas 0 (state.change.logger)
[2022-10-10 10:37:45,970] INFO [Controller id=0 epoch=1] Changed partition __consumer_offsets-39 state from NonExistentPartition to NewPartition with assigned replicas 0 (state.change.logger)
[2022-10-10 10:37:45,972] INFO [Controller id=0 epoch=1] Changed partition __consumer_offsets-12 state from NonExistentPartition to NewPartition with assigned replicas 0 (state.change.logger)
[2022-10-10 10:37:45,972] INFO [Controller id=0 epoch=1] Changed partition __consumer_offsets-45 state from NonExistentPartition to NewPartition with assigned replicas 0 (state.change.logger)
[2022-10-10 10:37:45,972] INFO [Controller id=0 epoch=1] Changed partition __consumer_offsets-1 state from NonExistentPartition to NewPartition with assigned replicas 0 (state.change.logger)
[2022-10-10 10:37:45,972] INFO [Controller id=0 epoch=1] Changed partition __consumer_offsets-5 state from NonExistentPartition to NewPartition with assigned replicas 0 (state.change.logger)
[2022-10-10 10:37:45,972] INFO [Controller id=0 epoch=1] Changed partition __consumer_offsets-26 state from NonExistentPartition to NewPartition with assigned replicas 0 (state.change.logger)
[2022-10-10 10:37:45,973] INFO [Controller id=0 epoch=1] Changed partition __consumer_offsets-29 state from NonExistentPartition to NewPartition with assigned replicas 0 (state.change.logger)
[2022-10-10 10:37:45,973] INFO [Controller id=0 epoch=1] Changed partition __consumer_offsets-34 state from NonExistentPartition to NewPartition with assigned replicas 0 (state.change.logger)
[2022-10-10 10:37:45,973] INFO [Controller id=0 epoch=1] Changed partition __consumer_offsets-10 state from NonExistentPartition to NewPartition with assigned replicas 0 (state.change.logger)
[2022-10-10 10:37:45,973] INFO [Controller id=0 epoch=1] Changed partition __consumer_offsets-32 state from NonExistentPartition to NewPartition with assigned replicas 0 (state.change.logger)
[2022-10-10 10:37:45,973] INFO [Controller id=0 epoch=1] Changed partition __consumer_offsets-40 state from NonExistentPartition to NewPartition with assigned replicas 0 (state.change.logger)
[2022-10-10 10:37:45,973] INFO [Controller id=0 epoch=1] Sending UpdateMetadata request to brokers HashSet() for 0 partitions (state.change.logger)
[2022-10-10 10:37:45,975] INFO [Controller id=0 epoch=1] Sending UpdateMetadata request to brokers HashSet() for 0 partitions (state.change.logger)
[2022-10-10 10:37:45,992] INFO [Broker id=0] Stopped fetchers as part of LeaderAndIsr request correlationId 1 from controller 0 epoch 1 as part of the become-leader transition for 1 partitions (state.change.logger)
[2022-10-10 10:37:46,188] INFO [Controller id=0 epoch=1] Changed partition __consumer_offsets-22 from NewPartition to OnlinePartition with state LeaderAndIsr(leader=0, leaderEpoch=0, isr=List(0), leaderRecoveryState=RECOVERED, partitionEpoch=0) (state.change.logger)
[2022-10-10 10:37:46,188] INFO [Controller id=0 epoch=1] Changed partition __consumer_offsets-30 from NewPartition to OnlinePartition with state LeaderAndIsr(leader=0, leaderEpoch=0, isr=List(0), leaderRecoveryState=RECOVERED, partitionEpoch=0) (state.change.logger)
[2022-10-10 10:37:46,188] INFO [Controller id=0 epoch=1] Changed partition __consumer_offsets-25 from NewPartition to OnlinePartition with state LeaderAndIsr(leader=0, leaderEpoch=0, isr=List(0), leaderRecoveryState=RECOVERED, partitionEpoch=0) (state.change.logger)
[2022-10-10 10:37:46,188] INFO [Controller id=0 epoch=1] Changed partition __consumer_offsets-35 from NewPartition to OnlinePartition with state LeaderAndIsr(leader=0, leaderEpoch=0, isr=List(0), leaderRecoveryState=RECOVERED, partitionEpoch=0) (state.change.logger)
[2022-10-10 10:37:46,188] INFO [Controller id=0 epoch=1] Changed partition __consumer_offsets-37 from NewPartition to OnlinePartition with state LeaderAndIsr(leader=0, leaderEpoch=0, isr=List(0), leaderRecoveryState=RECOVERED, partitionEpoch=0) (state.change.logger)
[2022-10-10 10:37:46,188] INFO [Controller id=0 epoch=1] Changed partition __consumer_offsets-38 from NewPartition to OnlinePartition with state LeaderAndIsr(leader=0, leaderEpoch=0, isr=List(0), leaderRecoveryState=RECOVERED, partitionEpoch=0) (state.change.logger)
[2022-10-10 10:37:46,189] INFO [Controller id=0 epoch=1] Changed partition __consumer_offsets-13 from NewPartition to OnlinePartition with state LeaderAndIsr(leader=0, leaderEpoch=0, isr=List(0), leaderRecoveryState=RECOVERED, partitionEpoch=0) (state.change.logger)
[2022-10-10 10:37:46,189] INFO [Controller id=0 epoch=1] Changed partition __consumer_offsets-8 from NewPartition to OnlinePartition with state LeaderAndIsr(leader=0, leaderEpoch=0, isr=List(0), leaderRecoveryState=RECOVERED, partitionEpoch=0) (state.change.logger)
[2022-10-10 10:37:46,189] INFO [Controller id=0 epoch=1] Changed partition __consumer_offsets-21 from NewPartition to OnlinePartition with state LeaderAndIsr(leader=0, leaderEpoch=0, isr=List(0), leaderRecoveryState=RECOVERED, partitionEpoch=0) (state.change.logger)
[2022-10-10 10:37:46,189] INFO [Controller id=0 epoch=1] Changed partition __consumer_offsets-4 from NewPartition to OnlinePartition with state LeaderAndIsr(leader=0, leaderEpoch=0, isr=List(0), leaderRecoveryState=RECOVERED, partitionEpoch=0) (state.change.logger)
[2022-10-10 10:37:46,189] INFO [Controller id=0 epoch=1] Changed partition __consumer_offsets-27 from NewPartition to OnlinePartition with state LeaderAndIsr(leader=0, leaderEpoch=0, isr=List(0), leaderRecoveryState=RECOVERED, partitionEpoch=0) (state.change.logger)
[2022-10-10 10:37:46,189] INFO [Controller id=0 epoch=1] Changed partition __consumer_offsets-7 from NewPartition to OnlinePartition with state LeaderAndIsr(leader=0, leaderEpoch=0, isr=List(0), leaderRecoveryState=RECOVERED, partitionEpoch=0) (state.change.logger)
[2022-10-10 10:37:46,189] INFO [Controller id=0 epoch=1] Changed partition __consumer_offsets-9 from NewPartition to OnlinePartition with state LeaderAndIsr(leader=0, leaderEpoch=0, isr=List(0), leaderRecoveryState=RECOVERED, partitionEpoch=0) (state.change.logger)
[2022-10-10 10:37:46,189] INFO [Controller id=0 epoch=1] Changed partition __consumer_offsets-46 from NewPartition to OnlinePartition with state LeaderAndIsr(leader=0, leaderEpoch=0, isr=List(0), leaderRecoveryState=RECOVERED, partitionEpoch=0) (state.change.logger)
[2022-10-10 10:37:46,189] INFO [Controller id=0 epoch=1] Changed partition __consumer_offsets-41 from NewPartition to OnlinePartition with state LeaderAndIsr(leader=0, leaderEpoch=0, isr=List(0), leaderRecoveryState=RECOVERED, partitionEpoch=0) (state.change.logger)
[2022-10-10 10:37:46,189] INFO [Controller id=0 epoch=1] Changed partition __consumer_offsets-33 from NewPartition to OnlinePartition with state LeaderAndIsr(leader=0, leaderEpoch=0, isr=List(0), leaderRecoveryState=RECOVERED, partitionEpoch=0) (state.change.logger)
[2022-10-10 10:37:46,189] INFO [Controller id=0 epoch=1] Changed partition __consumer_offsets-23 from NewPartition to OnlinePartition with state LeaderAndIsr(leader=0, leaderEpoch=0, isr=List(0), leaderRecoveryState=RECOVERED, partitionEpoch=0) (state.change.logger)
[2022-10-10 10:37:46,189] INFO [Controller id=0 epoch=1] Changed partition __consumer_offsets-49 from NewPartition to OnlinePartition with state LeaderAndIsr(leader=0, leaderEpoch=0, isr=List(0), leaderRecoveryState=RECOVERED, partitionEpoch=0) (state.change.logger)
[2022-10-10 10:37:46,190] INFO [Controller id=0 epoch=1] Changed partition __consumer_offsets-47 from NewPartition to OnlinePartition with state LeaderAndIsr(leader=0, leaderEpoch=0, isr=List(0), leaderRecoveryState=RECOVERED, partitionEpoch=0) (state.change.logger)
[2022-10-10 10:37:46,190] INFO [Controller id=0 epoch=1] Changed partition __consumer_offsets-16 from NewPartition to OnlinePartition with state LeaderAndIsr(leader=0, leaderEpoch=0, isr=List(0), leaderRecoveryState=RECOVERED, partitionEpoch=0) (state.change.logger)
[2022-10-10 10:37:46,190] INFO [Controller id=0 epoch=1] Changed partition __consumer_offsets-28 from NewPartition to OnlinePartition with state LeaderAndIsr(leader=0, leaderEpoch=0, isr=List(0), leaderRecoveryState=RECOVERED, partitionEpoch=0) (state.change.logger)
[2022-10-10 10:37:46,190] INFO [Controller id=0 epoch=1] Changed partition __consumer_offsets-31 from NewPartition to OnlinePartition with state LeaderAndIsr(leader=0, leaderEpoch=0, isr=List(0), leaderRecoveryState=RECOVERED, partitionEpoch=0) (state.change.logger)
[2022-10-10 10:37:46,190] INFO [Controller id=0 epoch=1] Changed partition __consumer_offsets-36 from NewPartition to OnlinePartition with state LeaderAndIsr(leader=0, leaderEpoch=0, isr=List(0), leaderRecoveryState=RECOVERED, partitionEpoch=0) (state.change.logger)
[2022-10-10 10:37:46,190] INFO [Controller id=0 epoch=1] Changed partition __consumer_offsets-42 from NewPartition to OnlinePartition with state LeaderAndIsr(leader=0, leaderEpoch=0, isr=List(0), leaderRecoveryState=RECOVERED, partitionEpoch=0) (state.change.logger)
[2022-10-10 10:37:46,190] INFO [Controller id=0 epoch=1] Changed partition __consumer_offsets-3 from NewPartition to OnlinePartition with state LeaderAndIsr(leader=0, leaderEpoch=0, isr=List(0), leaderRecoveryState=RECOVERED, partitionEpoch=0) (state.change.logger)
[2022-10-10 10:37:46,190] INFO [Controller id=0 epoch=1] Changed partition __consumer_offsets-18 from NewPartition to OnlinePartition with state LeaderAndIsr(leader=0, leaderEpoch=0, isr=List(0), leaderRecoveryState=RECOVERED, partitionEpoch=0) (state.change.logger)
[2022-10-10 10:37:46,190] INFO [Controller id=0 epoch=1] Changed partition __consumer_offsets-15 from NewPartition to OnlinePartition with state LeaderAndIsr(leader=0, leaderEpoch=0, isr=List(0), leaderRecoveryState=RECOVERED, partitionEpoch=0) (state.change.logger)
[2022-10-10 10:37:46,190] INFO [Controller id=0 epoch=1] Changed partition __consumer_offsets-24 from NewPartition to OnlinePartition with state LeaderAndIsr(leader=0, leaderEpoch=0, isr=List(0), leaderRecoveryState=RECOVERED, partitionEpoch=0) (state.change.logger)
[2022-10-10 10:37:46,190] INFO [Controller id=0 epoch=1] Changed partition __consumer_offsets-17 from NewPartition to OnlinePartition with state LeaderAndIsr(leader=0, leaderEpoch=0, isr=List(0), leaderRecoveryState=RECOVERED, partitionEpoch=0) (state.change.logger)
[2022-10-10 10:37:46,190] INFO [Controller id=0 epoch=1] Changed partition __consumer_offsets-48 from NewPartition to OnlinePartition with state LeaderAndIsr(leader=0, leaderEpoch=0, isr=List(0), leaderRecoveryState=RECOVERED, partitionEpoch=0) (state.change.logger)
[2022-10-10 10:37:46,190] INFO [Controller id=0 epoch=1] Changed partition __consumer_offsets-19 from NewPartition to OnlinePartition with state LeaderAndIsr(leader=0, leaderEpoch=0, isr=List(0), leaderRecoveryState=RECOVERED, partitionEpoch=0) (state.change.logger)
[2022-10-10 10:37:46,190] INFO [Controller id=0 epoch=1] Changed partition __consumer_offsets-11 from NewPartition to OnlinePartition with state LeaderAndIsr(leader=0, leaderEpoch=0, isr=List(0), leaderRecoveryState=RECOVERED, partitionEpoch=0) (state.change.logger)
[2022-10-10 10:37:46,191] INFO [Controller id=0 epoch=1] Changed partition __consumer_offsets-2 from NewPartition to OnlinePartition with state LeaderAndIsr(leader=0, leaderEpoch=0, isr=List(0), leaderRecoveryState=RECOVERED, partitionEpoch=0) (state.change.logger)
[2022-10-10 10:37:46,191] INFO [Controller id=0 epoch=1] Changed partition __consumer_offsets-43 from NewPartition to OnlinePartition with state LeaderAndIsr(leader=0, leaderEpoch=0, isr=List(0), leaderRecoveryState=RECOVERED, partitionEpoch=0) (state.change.logger)
[2022-10-10 10:37:46,191] INFO [Controller id=0 epoch=1] Changed partition __consumer_offsets-6 from NewPartition to OnlinePartition with state LeaderAndIsr(leader=0, leaderEpoch=0, isr=List(0), leaderRecoveryState=RECOVERED, partitionEpoch=0) (state.change.logger)
[2022-10-10 10:37:46,191] INFO [Controller id=0 epoch=1] Changed partition __consumer_offsets-14 from NewPartition to OnlinePartition with state LeaderAndIsr(leader=0, leaderEpoch=0, isr=List(0), leaderRecoveryState=RECOVERED, partitionEpoch=0) (state.change.logger)
[2022-10-10 10:37:46,191] INFO [Controller id=0 epoch=1] Changed partition __consumer_offsets-20 from NewPartition to OnlinePartition with state LeaderAndIsr(leader=0, leaderEpoch=0, isr=List(0), leaderRecoveryState=RECOVERED, partitionEpoch=0) (state.change.logger)
[2022-10-10 10:37:46,191] INFO [Controller id=0 epoch=1] Changed partition __consumer_offsets-0 from NewPartition to OnlinePartition with state LeaderAndIsr(leader=0, leaderEpoch=0, isr=List(0), leaderRecoveryState=RECOVERED, partitionEpoch=0) (state.change.logger)
[2022-10-10 10:37:46,191] INFO [Controller id=0 epoch=1] Changed partition __consumer_offsets-44 from NewPartition to OnlinePartition with state LeaderAndIsr(leader=0, leaderEpoch=0, isr=List(0), leaderRecoveryState=RECOVERED, partitionEpoch=0) (state.change.logger)
[2022-10-10 10:37:46,191] INFO [Controller id=0 epoch=1] Changed partition __consumer_offsets-39 from NewPartition to OnlinePartition with state LeaderAndIsr(leader=0, leaderEpoch=0, isr=List(0), leaderRecoveryState=RECOVERED, partitionEpoch=0) (state.change.logger)
[2022-10-10 10:37:46,191] INFO [Controller id=0 epoch=1] Changed partition __consumer_offsets-12 from NewPartition to OnlinePartition with state LeaderAndIsr(leader=0, leaderEpoch=0, isr=List(0), leaderRecoveryState=RECOVERED, partitionEpoch=0) (state.change.logger)
[2022-10-10 10:37:46,191] INFO [Controller id=0 epoch=1] Changed partition __consumer_offsets-45 from NewPartition to OnlinePartition with state LeaderAndIsr(leader=0, leaderEpoch=0, isr=List(0), leaderRecoveryState=RECOVERED, partitionEpoch=0) (state.change.logger)
[2022-10-10 10:37:46,191] INFO [Controller id=0 epoch=1] Changed partition __consumer_offsets-1 from NewPartition to OnlinePartition with state LeaderAndIsr(leader=0, leaderEpoch=0, isr=List(0), leaderRecoveryState=RECOVERED, partitionEpoch=0) (state.change.logger)
[2022-10-10 10:37:46,191] INFO [Controller id=0 epoch=1] Changed partition __consumer_offsets-5 from NewPartition to OnlinePartition with state LeaderAndIsr(leader=0, leaderEpoch=0, isr=List(0), leaderRecoveryState=RECOVERED, partitionEpoch=0) (state.change.logger)
[2022-10-10 10:37:46,191] INFO [Controller id=0 epoch=1] Changed partition __consumer_offsets-26 from NewPartition to OnlinePartition with state LeaderAndIsr(leader=0, leaderEpoch=0, isr=List(0), leaderRecoveryState=RECOVERED, partitionEpoch=0) (state.change.logger)
[2022-10-10 10:37:46,192] INFO [Controller id=0 epoch=1] Changed partition __consumer_offsets-29 from NewPartition to OnlinePartition with state LeaderAndIsr(leader=0, leaderEpoch=0, isr=List(0), leaderRecoveryState=RECOVERED, partitionEpoch=0) (state.change.logger)
[2022-10-10 10:37:46,192] INFO [Controller id=0 epoch=1] Changed partition __consumer_offsets-34 from NewPartition to OnlinePartition with state LeaderAndIsr(leader=0, leaderEpoch=0, isr=List(0), leaderRecoveryState=RECOVERED, partitionEpoch=0) (state.change.logger)
[2022-10-10 10:37:46,192] INFO [Controller id=0 epoch=1] Changed partition __consumer_offsets-10 from NewPartition to OnlinePartition with state LeaderAndIsr(leader=0, leaderEpoch=0, isr=List(0), leaderRecoveryState=RECOVERED, partitionEpoch=0) (state.change.logger)
[2022-10-10 10:37:46,192] INFO [Controller id=0 epoch=1] Changed partition __consumer_offsets-32 from NewPartition to OnlinePartition with state LeaderAndIsr(leader=0, leaderEpoch=0, isr=List(0), leaderRecoveryState=RECOVERED, partitionEpoch=0) (state.change.logger)
[2022-10-10 10:37:46,192] INFO [Controller id=0 epoch=1] Changed partition __consumer_offsets-40 from NewPartition to OnlinePartition with state LeaderAndIsr(leader=0, leaderEpoch=0, isr=List(0), leaderRecoveryState=RECOVERED, partitionEpoch=0) (state.change.logger)
[2022-10-10 10:37:46,192] INFO [Controller id=0 epoch=1] Sending LeaderAndIsr request to broker 0 with 50 become-leader and 0 become-follower partitions (state.change.logger)
[2022-10-10 10:37:46,193] INFO [Controller id=0 epoch=1] Sending UpdateMetadata request to brokers HashSet(0) for 50 partitions (state.change.logger)
[2022-10-10 10:37:46,194] INFO [Controller id=0 epoch=1] Sending UpdateMetadata request to brokers HashSet() for 0 partitions (state.change.logger)
[2022-10-10 10:37:46,283] INFO [Broker id=0] Leader notificationTopic-0 with topic id Some(i915xVjUT-mQhzvmFoLQOw) starts at leader epoch 0 from offset 0 with partition epoch 0, high watermark 0, ISR [0], adding replicas [] and removing replicas []. Previous leader epoch was -1. (state.change.logger)
[2022-10-10 10:37:46,309] INFO [Broker id=0] Finished LeaderAndIsr request in 350ms correlationId 1 from controller 0 for 1 partitions (state.change.logger)
[2022-10-10 10:37:46,321] INFO [Broker id=0] Add 1 partitions and deleted 0 partitions from metadata cache in response to UpdateMetadata request sent by controller 0 epoch 1 with correlation id 2 (state.change.logger)
[2022-10-10 10:37:46,323] INFO [Broker id=0] Handling LeaderAndIsr request correlationId 3 from controller 0 for 50 partitions (state.change.logger)
[2022-10-10 10:37:46,369] INFO [Broker id=0] Stopped fetchers as part of LeaderAndIsr request correlationId 3 from controller 0 epoch 1 as part of the become-leader transition for 50 partitions (state.change.logger)
[2022-10-10 10:37:46,408] INFO [Broker id=0] Leader __consumer_offsets-3 with topic id Some(nTE6-DxXQ5yw0lWHQB-uNw) starts at leader epoch 0 from offset 0 with partition epoch 0, high watermark 0, ISR [0], adding replicas [] and removing replicas []. Previous leader epoch was -1. (state.change.logger)
[2022-10-10 10:37:46,449] INFO [Broker id=0] Leader __consumer_offsets-18 with topic id Some(nTE6-DxXQ5yw0lWHQB-uNw) starts at leader epoch 0 from offset 0 with partition epoch 0, high watermark 0, ISR [0], adding replicas [] and removing replicas []. Previous leader epoch was -1. (state.change.logger)
[2022-10-10 10:37:46,503] INFO [Broker id=0] Leader __consumer_offsets-41 with topic id Some(nTE6-DxXQ5yw0lWHQB-uNw) starts at leader epoch 0 from offset 0 with partition epoch 0, high watermark 0, ISR [0], adding replicas [] and removing replicas []. Previous leader epoch was -1. (state.change.logger)
[2022-10-10 10:37:46,537] INFO [Broker id=0] Leader __consumer_offsets-10 with topic id Some(nTE6-DxXQ5yw0lWHQB-uNw) starts at leader epoch 0 from offset 0 with partition epoch 0, high watermark 0, ISR [0], adding replicas [] and removing replicas []. Previous leader epoch was -1. (state.change.logger)
[2022-10-10 10:37:46,570] INFO [Broker id=0] Leader __consumer_offsets-33 with topic id Some(nTE6-DxXQ5yw0lWHQB-uNw) starts at leader epoch 0 from offset 0 with partition epoch 0, high watermark 0, ISR [0], adding replicas [] and removing replicas []. Previous leader epoch was -1. (state.change.logger)
[2022-10-10 10:37:46,603] INFO [Broker id=0] Leader __consumer_offsets-48 with topic id Some(nTE6-DxXQ5yw0lWHQB-uNw) starts at leader epoch 0 from offset 0 with partition epoch 0, high watermark 0, ISR [0], adding replicas [] and removing replicas []. Previous leader epoch was -1. (state.change.logger)
[2022-10-10 10:37:46,630] INFO [Broker id=0] Leader __consumer_offsets-19 with topic id Some(nTE6-DxXQ5yw0lWHQB-uNw) starts at leader epoch 0 from offset 0 with partition epoch 0, high watermark 0, ISR [0], adding replicas [] and removing replicas []. Previous leader epoch was -1. (state.change.logger)
[2022-10-10 10:37:46,652] INFO [Broker id=0] Leader __consumer_offsets-34 with topic id Some(nTE6-DxXQ5yw0lWHQB-uNw) starts at leader epoch 0 from offset 0 with partition epoch 0, high watermark 0, ISR [0], adding replicas [] and removing replicas []. Previous leader epoch was -1. (state.change.logger)
[2022-10-10 10:37:46,683] INFO [Broker id=0] Leader __consumer_offsets-4 with topic id Some(nTE6-DxXQ5yw0lWHQB-uNw) starts at leader epoch 0 from offset 0 with partition epoch 0, high watermark 0, ISR [0], adding replicas [] and removing replicas []. Previous leader epoch was -1. (state.change.logger)
[2022-10-10 10:37:46,715] INFO [Broker id=0] Leader __consumer_offsets-11 with topic id Some(nTE6-DxXQ5yw0lWHQB-uNw) starts at leader epoch 0 from offset 0 with partition epoch 0, high watermark 0, ISR [0], adding replicas [] and removing replicas []. Previous leader epoch was -1. (state.change.logger)
[2022-10-10 10:37:46,747] INFO [Broker id=0] Leader __consumer_offsets-26 with topic id Some(nTE6-DxXQ5yw0lWHQB-uNw) starts at leader epoch 0 from offset 0 with partition epoch 0, high watermark 0, ISR [0], adding replicas [] and removing replicas []. Previous leader epoch was -1. (state.change.logger)
[2022-10-10 10:37:46,783] INFO [Broker id=0] Leader __consumer_offsets-49 with topic id Some(nTE6-DxXQ5yw0lWHQB-uNw) starts at leader epoch 0 from offset 0 with partition epoch 0, high watermark 0, ISR [0], adding replicas [] and removing replicas []. Previous leader epoch was -1. (state.change.logger)
[2022-10-10 10:37:46,805] INFO [Broker id=0] Leader __consumer_offsets-39 with topic id Some(nTE6-DxXQ5yw0lWHQB-uNw) starts at leader epoch 0 from offset 0 with partition epoch 0, high watermark 0, ISR [0], adding replicas [] and removing replicas []. Previous leader epoch was -1. (state.change.logger)
[2022-10-10 10:37:46,835] INFO [Broker id=0] Leader __consumer_offsets-9 with topic id Some(nTE6-DxXQ5yw0lWHQB-uNw) starts at leader epoch 0 from offset 0 with partition epoch 0, high watermark 0, ISR [0], adding replicas [] and removing replicas []. Previous leader epoch was -1. (state.change.logger)
[2022-10-10 10:37:46,861] INFO [Broker id=0] Leader __consumer_offsets-24 with topic id Some(nTE6-DxXQ5yw0lWHQB-uNw) starts at leader epoch 0 from offset 0 with partition epoch 0, high watermark 0, ISR [0], adding replicas [] and removing replicas []. Previous leader epoch was -1. (state.change.logger)
[2022-10-10 10:37:46,899] INFO [Broker id=0] Leader __consumer_offsets-31 with topic id Some(nTE6-DxXQ5yw0lWHQB-uNw) starts at leader epoch 0 from offset 0 with partition epoch 0, high watermark 0, ISR [0], adding replicas [] and removing replicas []. Previous leader epoch was -1. (state.change.logger)
[2022-10-10 10:37:46,939] INFO [Broker id=0] Leader __consumer_offsets-46 with topic id Some(nTE6-DxXQ5yw0lWHQB-uNw) starts at leader epoch 0 from offset 0 with partition epoch 0, high watermark 0, ISR [0], adding replicas [] and removing replicas []. Previous leader epoch was -1. (state.change.logger)
[2022-10-10 10:37:46,978] INFO [Broker id=0] Leader __consumer_offsets-1 with topic id Some(nTE6-DxXQ5yw0lWHQB-uNw) starts at leader epoch 0 from offset 0 with partition epoch 0, high watermark 0, ISR [0], adding replicas [] and removing replicas []. Previous leader epoch was -1. (state.change.logger)
[2022-10-10 10:37:47,009] INFO [Broker id=0] Leader __consumer_offsets-16 with topic id Some(nTE6-DxXQ5yw0lWHQB-uNw) starts at leader epoch 0 from offset 0 with partition epoch 0, high watermark 0, ISR [0], adding replicas [] and removing replicas []. Previous leader epoch was -1. (state.change.logger)
[2022-10-10 10:37:47,041] INFO [Broker id=0] Leader __consumer_offsets-2 with topic id Some(nTE6-DxXQ5yw0lWHQB-uNw) starts at leader epoch 0 from offset 0 with partition epoch 0, high watermark 0, ISR [0], adding replicas [] and removing replicas []. Previous leader epoch was -1. (state.change.logger)
[2022-10-10 10:37:47,111] INFO [Broker id=0] Leader __consumer_offsets-25 with topic id Some(nTE6-DxXQ5yw0lWHQB-uNw) starts at leader epoch 0 from offset 0 with partition epoch 0, high watermark 0, ISR [0], adding replicas [] and removing replicas []. Previous leader epoch was -1. (state.change.logger)
[2022-10-10 10:37:47,149] INFO [Broker id=0] Leader __consumer_offsets-40 with topic id Some(nTE6-DxXQ5yw0lWHQB-uNw) starts at leader epoch 0 from offset 0 with partition epoch 0, high watermark 0, ISR [0], adding replicas [] and removing replicas []. Previous leader epoch was -1. (state.change.logger)
[2022-10-10 10:37:47,182] INFO [Broker id=0] Leader __consumer_offsets-47 with topic id Some(nTE6-DxXQ5yw0lWHQB-uNw) starts at leader epoch 0 from offset 0 with partition epoch 0, high watermark 0, ISR [0], adding replicas [] and removing replicas []. Previous leader epoch was -1. (state.change.logger)
[2022-10-10 10:37:47,210] INFO [Broker id=0] Leader __consumer_offsets-17 with topic id Some(nTE6-DxXQ5yw0lWHQB-uNw) starts at leader epoch 0 from offset 0 with partition epoch 0, high watermark 0, ISR [0], adding replicas [] and removing replicas []. Previous leader epoch was -1. (state.change.logger)
[2022-10-10 10:37:47,240] INFO [Broker id=0] Leader __consumer_offsets-32 with topic id Some(nTE6-DxXQ5yw0lWHQB-uNw) starts at leader epoch 0 from offset 0 with partition epoch 0, high watermark 0, ISR [0], adding replicas [] and removing replicas []. Previous leader epoch was -1. (state.change.logger)
[2022-10-10 10:37:47,263] INFO [Broker id=0] Leader __consumer_offsets-37 with topic id Some(nTE6-DxXQ5yw0lWHQB-uNw) starts at leader epoch 0 from offset 0 with partition epoch 0, high watermark 0, ISR [0], adding replicas [] and removing replicas []. Previous leader epoch was -1. (state.change.logger)
[2022-10-10 10:37:47,290] INFO [Broker id=0] Leader __consumer_offsets-7 with topic id Some(nTE6-DxXQ5yw0lWHQB-uNw) starts at leader epoch 0 from offset 0 with partition epoch 0, high watermark 0, ISR [0], adding replicas [] and removing replicas []. Previous leader epoch was -1. (state.change.logger)
[2022-10-10 10:37:47,321] INFO [Broker id=0] Leader __consumer_offsets-22 with topic id Some(nTE6-DxXQ5yw0lWHQB-uNw) starts at leader epoch 0 from offset 0 with partition epoch 0, high watermark 0, ISR [0], adding replicas [] and removing replicas []. Previous leader epoch was -1. (state.change.logger)
[2022-10-10 10:37:47,352] INFO [Broker id=0] Leader __consumer_offsets-29 with topic id Some(nTE6-DxXQ5yw0lWHQB-uNw) starts at leader epoch 0 from offset 0 with partition epoch 0, high watermark 0, ISR [0], adding replicas [] and removing replicas []. Previous leader epoch was -1. (state.change.logger)
[2022-10-10 10:37:47,385] INFO [Broker id=0] Leader __consumer_offsets-44 with topic id Some(nTE6-DxXQ5yw0lWHQB-uNw) starts at leader epoch 0 from offset 0 with partition epoch 0, high watermark 0, ISR [0], adding replicas [] and removing replicas []. Previous leader epoch was -1. (state.change.logger)
[2022-10-10 10:37:47,437] INFO [Broker id=0] Leader __consumer_offsets-14 with topic id Some(nTE6-DxXQ5yw0lWHQB-uNw) starts at leader epoch 0 from offset 0 with partition epoch 0, high watermark 0, ISR [0], adding replicas [] and removing replicas []. Previous leader epoch was -1. (state.change.logger)
[2022-10-10 10:37:47,467] INFO [Broker id=0] Leader __consumer_offsets-23 with topic id Some(nTE6-DxXQ5yw0lWHQB-uNw) starts at leader epoch 0 from offset 0 with partition epoch 0, high watermark 0, ISR [0], adding replicas [] and removing replicas []. Previous leader epoch was -1. (state.change.logger)
[2022-10-10 10:37:47,500] INFO [Broker id=0] Leader __consumer_offsets-38 with topic id Some(nTE6-DxXQ5yw0lWHQB-uNw) starts at leader epoch 0 from offset 0 with partition epoch 0, high watermark 0, ISR [0], adding replicas [] and removing replicas []. Previous leader epoch was -1. (state.change.logger)
[2022-10-10 10:37:47,598] INFO [Broker id=0] Leader __consumer_offsets-8 with topic id Some(nTE6-DxXQ5yw0lWHQB-uNw) starts at leader epoch 0 from offset 0 with partition epoch 0, high watermark 0, ISR [0], adding replicas [] and removing replicas []. Previous leader epoch was -1. (state.change.logger)
[2022-10-10 10:37:47,630] INFO [Broker id=0] Leader __consumer_offsets-45 with topic id Some(nTE6-DxXQ5yw0lWHQB-uNw) starts at leader epoch 0 from offset 0 with partition epoch 0, high watermark 0, ISR [0], adding replicas [] and removing replicas []. Previous leader epoch was -1. (state.change.logger)
[2022-10-10 10:37:47,664] INFO [Broker id=0] Leader __consumer_offsets-15 with topic id Some(nTE6-DxXQ5yw0lWHQB-uNw) starts at leader epoch 0 from offset 0 with partition epoch 0, high watermark 0, ISR [0], adding replicas [] and removing replicas []. Previous leader epoch was -1. (state.change.logger)
[2022-10-10 10:37:47,695] INFO [Broker id=0] Leader __consumer_offsets-30 with topic id Some(nTE6-DxXQ5yw0lWHQB-uNw) starts at leader epoch 0 from offset 0 with partition epoch 0, high watermark 0, ISR [0], adding replicas [] and removing replicas []. Previous leader epoch was -1. (state.change.logger)
[2022-10-10 10:37:47,715] INFO [Broker id=0] Leader __consumer_offsets-0 with topic id Some(nTE6-DxXQ5yw0lWHQB-uNw) starts at leader epoch 0 from offset 0 with partition epoch 0, high watermark 0, ISR [0], adding replicas [] and removing replicas []. Previous leader epoch was -1. (state.change.logger)
[2022-10-10 10:37:47,744] INFO [Broker id=0] Leader __consumer_offsets-35 with topic id Some(nTE6-DxXQ5yw0lWHQB-uNw) starts at leader epoch 0 from offset 0 with partition epoch 0, high watermark 0, ISR [0], adding replicas [] and removing replicas []. Previous leader epoch was -1. (state.change.logger)
[2022-10-10 10:37:47,780] INFO [Broker id=0] Leader __consumer_offsets-5 with topic id Some(nTE6-DxXQ5yw0lWHQB-uNw) starts at leader epoch 0 from offset 0 with partition epoch 0, high watermark 0, ISR [0], adding replicas [] and removing replicas []. Previous leader epoch was -1. (state.change.logger)
[2022-10-10 10:37:47,805] INFO [Broker id=0] Leader __consumer_offsets-20 with topic id Some(nTE6-DxXQ5yw0lWHQB-uNw) starts at leader epoch 0 from offset 0 with partition epoch 0, high watermark 0, ISR [0], adding replicas [] and removing replicas []. Previous leader epoch was -1. (state.change.logger)
[2022-10-10 10:37:47,834] INFO [Broker id=0] Leader __consumer_offsets-27 with topic id Some(nTE6-DxXQ5yw0lWHQB-uNw) starts at leader epoch 0 from offset 0 with partition epoch 0, high watermark 0, ISR [0], adding replicas [] and removing replicas []. Previous leader epoch was -1. (state.change.logger)
[2022-10-10 10:37:47,859] INFO [Broker id=0] Leader __consumer_offsets-42 with topic id Some(nTE6-DxXQ5yw0lWHQB-uNw) starts at leader epoch 0 from offset 0 with partition epoch 0, high watermark 0, ISR [0], adding replicas [] and removing replicas []. Previous leader epoch was -1. (state.change.logger)
[2022-10-10 10:37:47,886] INFO [Broker id=0] Leader __consumer_offsets-12 with topic id Some(nTE6-DxXQ5yw0lWHQB-uNw) starts at leader epoch 0 from offset 0 with partition epoch 0, high watermark 0, ISR [0], adding replicas [] and removing replicas []. Previous leader epoch was -1. (state.change.logger)
[2022-10-10 10:37:47,907] INFO [Broker id=0] Leader __consumer_offsets-21 with topic id Some(nTE6-DxXQ5yw0lWHQB-uNw) starts at leader epoch 0 from offset 0 with partition epoch 0, high watermark 0, ISR [0], adding replicas [] and removing replicas []. Previous leader epoch was -1. (state.change.logger)
[2022-10-10 10:37:47,943] INFO [Broker id=0] Leader __consumer_offsets-36 with topic id Some(nTE6-DxXQ5yw0lWHQB-uNw) starts at leader epoch 0 from offset 0 with partition epoch 0, high watermark 0, ISR [0], adding replicas [] and removing replicas []. Previous leader epoch was -1. (state.change.logger)
[2022-10-10 10:37:47,969] INFO [Broker id=0] Leader __consumer_offsets-6 with topic id Some(nTE6-DxXQ5yw0lWHQB-uNw) starts at leader epoch 0 from offset 0 with partition epoch 0, high watermark 0, ISR [0], adding replicas [] and removing replicas []. Previous leader epoch was -1. (state.change.logger)
[2022-10-10 10:37:48,013] INFO [Broker id=0] Leader __consumer_offsets-43 with topic id Some(nTE6-DxXQ5yw0lWHQB-uNw) starts at leader epoch 0 from offset 0 with partition epoch 0, high watermark 0, ISR [0], adding replicas [] and removing replicas []. Previous leader epoch was -1. (state.change.logger)
[2022-10-10 10:37:48,038] INFO [Broker id=0] Leader __consumer_offsets-13 with topic id Some(nTE6-DxXQ5yw0lWHQB-uNw) starts at leader epoch 0 from offset 0 with partition epoch 0, high watermark 0, ISR [0], adding replicas [] and removing replicas []. Previous leader epoch was -1. (state.change.logger)
[2022-10-10 10:37:48,064] INFO [Broker id=0] Leader __consumer_offsets-28 with topic id Some(nTE6-DxXQ5yw0lWHQB-uNw) starts at leader epoch 0 from offset 0 with partition epoch 0, high watermark 0, ISR [0], adding replicas [] and removing replicas []. Previous leader epoch was -1. (state.change.logger)
[2022-10-10 10:37:48,307] INFO [Broker id=0] Finished LeaderAndIsr request in 1984ms correlationId 3 from controller 0 for 50 partitions (state.change.logger)
[2022-10-10 10:37:48,311] INFO [Broker id=0] Add 50 partitions and deleted 0 partitions from metadata cache in response to UpdateMetadata request sent by controller 0 epoch 1 with correlation id 4 (state.change.logger)
[2022-10-11 14:06:15,143] INFO [Controller id=0 epoch=2] Sending UpdateMetadata request to brokers HashSet(0) for 0 partitions (state.change.logger)
[2022-10-11 14:06:15,207] INFO [Controller id=0 epoch=2] Sending LeaderAndIsr request to broker 0 with 51 become-leader and 0 become-follower partitions (state.change.logger)
[2022-10-11 14:06:15,211] INFO [Controller id=0 epoch=2] Sending UpdateMetadata request to brokers HashSet(0) for 51 partitions (state.change.logger)
[2022-10-11 14:06:15,356] INFO [Broker id=0] Handling LeaderAndIsr request correlationId 1 from controller 0 for 51 partitions (state.change.logger)
[2022-10-11 14:06:15,406] INFO [Broker id=0] Stopped fetchers as part of LeaderAndIsr request correlationId 1 from controller 0 epoch 2 as part of the become-leader transition for 51 partitions (state.change.logger)
[2022-10-11 14:06:15,425] INFO [Broker id=0] Leader __consumer_offsets-3 with topic id Some(nTE6-DxXQ5yw0lWHQB-uNw) starts at leader epoch 0 from offset 0 with partition epoch 0, high watermark 0, ISR [0], adding replicas [] and removing replicas []. Previous leader epoch was -1. (state.change.logger)
[2022-10-11 14:06:15,443] INFO [Broker id=0] Leader __consumer_offsets-18 with topic id Some(nTE6-DxXQ5yw0lWHQB-uNw) starts at leader epoch 0 from offset 0 with partition epoch 0, high watermark 0, ISR [0], adding replicas [] and removing replicas []. Previous leader epoch was -1. (state.change.logger)
[2022-10-11 14:06:15,449] INFO [Broker id=0] Leader __consumer_offsets-41 with topic id Some(nTE6-DxXQ5yw0lWHQB-uNw) starts at leader epoch 0 from offset 0 with partition epoch 0, high watermark 0, ISR [0], adding replicas [] and removing replicas []. Previous leader epoch was -1. (state.change.logger)
[2022-10-11 14:06:15,457] INFO [Broker id=0] Leader __consumer_offsets-10 with topic id Some(nTE6-DxXQ5yw0lWHQB-uNw) starts at leader epoch 0 from offset 0 with partition epoch 0, high watermark 0, ISR [0], adding replicas [] and removing replicas []. Previous leader epoch was -1. (state.change.logger)
[2022-10-11 14:06:15,463] INFO [Broker id=0] Leader __consumer_offsets-33 with topic id Some(nTE6-DxXQ5yw0lWHQB-uNw) starts at leader epoch 0 from offset 0 with partition epoch 0, high watermark 0, ISR [0], adding replicas [] and removing replicas []. Previous leader epoch was -1. (state.change.logger)
[2022-10-11 14:06:15,473] INFO [Broker id=0] Leader __consumer_offsets-48 with topic id Some(nTE6-DxXQ5yw0lWHQB-uNw) starts at leader epoch 0 from offset 0 with partition epoch 0, high watermark 0, ISR [0], adding replicas [] and removing replicas []. Previous leader epoch was -1. (state.change.logger)
[2022-10-11 14:06:15,479] INFO [Broker id=0] Leader __consumer_offsets-19 with topic id Some(nTE6-DxXQ5yw0lWHQB-uNw) starts at leader epoch 0 from offset 0 with partition epoch 0, high watermark 0, ISR [0], adding replicas [] and removing replicas []. Previous leader epoch was -1. (state.change.logger)
[2022-10-11 14:06:15,487] INFO [Broker id=0] Leader __consumer_offsets-34 with topic id Some(nTE6-DxXQ5yw0lWHQB-uNw) starts at leader epoch 0 from offset 0 with partition epoch 0, high watermark 0, ISR [0], adding replicas [] and removing replicas []. Previous leader epoch was -1. (state.change.logger)
[2022-10-11 14:06:15,495] INFO [Broker id=0] Leader notificationTopic-0 with topic id Some(i915xVjUT-mQhzvmFoLQOw) starts at leader epoch 0 from offset 0 with partition epoch 0, high watermark 0, ISR [0], adding replicas [] and removing replicas []. Previous leader epoch was -1. (state.change.logger)
[2022-10-11 14:06:15,503] INFO [Broker id=0] Leader __consumer_offsets-4 with topic id Some(nTE6-DxXQ5yw0lWHQB-uNw) starts at leader epoch 0 from offset 0 with partition epoch 0, high watermark 0, ISR [0], adding replicas [] and removing replicas []. Previous leader epoch was -1. (state.change.logger)
[2022-10-11 14:06:15,511] INFO [Broker id=0] Leader __consumer_offsets-11 with topic id Some(nTE6-DxXQ5yw0lWHQB-uNw) starts at leader epoch 0 from offset 0 with partition epoch 0, high watermark 0, ISR [0], adding replicas [] and removing replicas []. Previous leader epoch was -1. (state.change.logger)
[2022-10-11 14:06:15,518] INFO [Broker id=0] Leader __consumer_offsets-26 with topic id Some(nTE6-DxXQ5yw0lWHQB-uNw) starts at leader epoch 0 from offset 0 with partition epoch 0, high watermark 0, ISR [0], adding replicas [] and removing replicas []. Previous leader epoch was -1. (state.change.logger)
[2022-10-11 14:06:15,525] INFO [Broker id=0] Leader __consumer_offsets-49 with topic id Some(nTE6-DxXQ5yw0lWHQB-uNw) starts at leader epoch 0 from offset 0 with partition epoch 0, high watermark 0, ISR [0], adding replicas [] and removing replicas []. Previous leader epoch was -1. (state.change.logger)
[2022-10-11 14:06:15,531] INFO [Broker id=0] Leader __consumer_offsets-39 with topic id Some(nTE6-DxXQ5yw0lWHQB-uNw) starts at leader epoch 0 from offset 0 with partition epoch 0, high watermark 0, ISR [0], adding replicas [] and removing replicas []. Previous leader epoch was -1. (state.change.logger)
[2022-10-11 14:06:15,538] INFO [Broker id=0] Leader __consumer_offsets-9 with topic id Some(nTE6-DxXQ5yw0lWHQB-uNw) starts at leader epoch 0 from offset 0 with partition epoch 0, high watermark 0, ISR [0], adding replicas [] and removing replicas []. Previous leader epoch was -1. (state.change.logger)
[2022-10-11 14:06:15,544] INFO [Broker id=0] Leader __consumer_offsets-24 with topic id Some(nTE6-DxXQ5yw0lWHQB-uNw) starts at leader epoch 0 from offset 0 with partition epoch 0, high watermark 0, ISR [0], adding replicas [] and removing replicas []. Previous leader epoch was -1. (state.change.logger)
[2022-10-11 14:06:15,550] INFO [Broker id=0] Leader __consumer_offsets-31 with topic id Some(nTE6-DxXQ5yw0lWHQB-uNw) starts at leader epoch 0 from offset 0 with partition epoch 0, high watermark 0, ISR [0], adding replicas [] and removing replicas []. Previous leader epoch was -1. (state.change.logger)
[2022-10-11 14:06:15,556] INFO [Broker id=0] Leader __consumer_offsets-46 with topic id Some(nTE6-DxXQ5yw0lWHQB-uNw) starts at leader epoch 0 from offset 0 with partition epoch 0, high watermark 0, ISR [0], adding replicas [] and removing replicas []. Previous leader epoch was -1. (state.change.logger)
[2022-10-11 14:06:15,561] INFO [Broker id=0] Leader __consumer_offsets-1 with topic id Some(nTE6-DxXQ5yw0lWHQB-uNw) starts at leader epoch 0 from offset 0 with partition epoch 0, high watermark 0, ISR [0], adding replicas [] and removing replicas []. Previous leader epoch was -1. (state.change.logger)
[2022-10-11 14:06:15,566] INFO [Broker id=0] Leader __consumer_offsets-16 with topic id Some(nTE6-DxXQ5yw0lWHQB-uNw) starts at leader epoch 0 from offset 0 with partition epoch 0, high watermark 0, ISR [0], adding replicas [] and removing replicas []. Previous leader epoch was -1. (state.change.logger)
[2022-10-11 14:06:15,572] INFO [Broker id=0] Leader __consumer_offsets-2 with topic id Some(nTE6-DxXQ5yw0lWHQB-uNw) starts at leader epoch 0 from offset 0 with partition epoch 0, high watermark 0, ISR [0], adding replicas [] and removing replicas []. Previous leader epoch was -1. (state.change.logger)
[2022-10-11 14:06:15,577] INFO [Broker id=0] Leader __consumer_offsets-25 with topic id Some(nTE6-DxXQ5yw0lWHQB-uNw) starts at leader epoch 0 from offset 0 with partition epoch 0, high watermark 0, ISR [0], adding replicas [] and removing replicas []. Previous leader epoch was -1. (state.change.logger)
[2022-10-11 14:06:15,584] INFO [Broker id=0] Leader __consumer_offsets-40 with topic id Some(nTE6-DxXQ5yw0lWHQB-uNw) starts at leader epoch 0 from offset 0 with partition epoch 0, high watermark 0, ISR [0], adding replicas [] and removing replicas []. Previous leader epoch was -1. (state.change.logger)
[2022-10-11 14:06:15,590] INFO [Broker id=0] Leader __consumer_offsets-47 with topic id Some(nTE6-DxXQ5yw0lWHQB-uNw) starts at leader epoch 0 from offset 0 with partition epoch 0, high watermark 0, ISR [0], adding replicas [] and removing replicas []. Previous leader epoch was -1. (state.change.logger)
[2022-10-11 14:06:15,596] INFO [Broker id=0] Leader __consumer_offsets-17 with topic id Some(nTE6-DxXQ5yw0lWHQB-uNw) starts at leader epoch 0 from offset 0 with partition epoch 0, high watermark 0, ISR [0], adding replicas [] and removing replicas []. Previous leader epoch was -1. (state.change.logger)
[2022-10-11 14:06:15,602] INFO [Broker id=0] Leader __consumer_offsets-32 with topic id Some(nTE6-DxXQ5yw0lWHQB-uNw) starts at leader epoch 0 from offset 0 with partition epoch 0, high watermark 0, ISR [0], adding replicas [] and removing replicas []. Previous leader epoch was -1. (state.change.logger)
[2022-10-11 14:06:15,608] INFO [Broker id=0] Leader __consumer_offsets-37 with topic id Some(nTE6-DxXQ5yw0lWHQB-uNw) starts at leader epoch 0 from offset 0 with partition epoch 0, high watermark 0, ISR [0], adding replicas [] and removing replicas []. Previous leader epoch was -1. (state.change.logger)
[2022-10-11 14:06:15,614] INFO [Broker id=0] Leader __consumer_offsets-7 with topic id Some(nTE6-DxXQ5yw0lWHQB-uNw) starts at leader epoch 0 from offset 0 with partition epoch 0, high watermark 0, ISR [0], adding replicas [] and removing replicas []. Previous leader epoch was -1. (state.change.logger)
[2022-10-11 14:06:15,620] INFO [Broker id=0] Leader __consumer_offsets-22 with topic id Some(nTE6-DxXQ5yw0lWHQB-uNw) starts at leader epoch 0 from offset 0 with partition epoch 0, high watermark 0, ISR [0], adding replicas [] and removing replicas []. Previous leader epoch was -1. (state.change.logger)
[2022-10-11 14:06:15,627] INFO [Broker id=0] Leader __consumer_offsets-29 with topic id Some(nTE6-DxXQ5yw0lWHQB-uNw) starts at leader epoch 0 from offset 0 with partition epoch 0, high watermark 0, ISR [0], adding replicas [] and removing replicas []. Previous leader epoch was -1. (state.change.logger)
[2022-10-11 14:06:15,632] INFO [Broker id=0] Leader __consumer_offsets-44 with topic id Some(nTE6-DxXQ5yw0lWHQB-uNw) starts at leader epoch 0 from offset 0 with partition epoch 0, high watermark 0, ISR [0], adding replicas [] and removing replicas []. Previous leader epoch was -1. (state.change.logger)
[2022-10-11 14:06:15,637] INFO [Broker id=0] Leader __consumer_offsets-14 with topic id Some(nTE6-DxXQ5yw0lWHQB-uNw) starts at leader epoch 0 from offset 0 with partition epoch 0, high watermark 0, ISR [0], adding replicas [] and removing replicas []. Previous leader epoch was -1. (state.change.logger)
[2022-10-11 14:06:15,644] INFO [Broker id=0] Leader __consumer_offsets-23 with topic id Some(nTE6-DxXQ5yw0lWHQB-uNw) starts at leader epoch 0 from offset 0 with partition epoch 0, high watermark 0, ISR [0], adding replicas [] and removing replicas []. Previous leader epoch was -1. (state.change.logger)
[2022-10-11 14:06:15,649] INFO [Broker id=0] Leader __consumer_offsets-38 with topic id Some(nTE6-DxXQ5yw0lWHQB-uNw) starts at leader epoch 0 from offset 0 with partition epoch 0, high watermark 0, ISR [0], adding replicas [] and removing replicas []. Previous leader epoch was -1. (state.change.logger)
[2022-10-11 14:06:15,655] INFO [Broker id=0] Leader __consumer_offsets-8 with topic id Some(nTE6-DxXQ5yw0lWHQB-uNw) starts at leader epoch 0 from offset 0 with partition epoch 0, high watermark 0, ISR [0], adding replicas [] and removing replicas []. Previous leader epoch was -1. (state.change.logger)
[2022-10-11 14:06:15,661] INFO [Broker id=0] Leader __consumer_offsets-45 with topic id Some(nTE6-DxXQ5yw0lWHQB-uNw) starts at leader epoch 0 from offset 0 with partition epoch 0, high watermark 0, ISR [0], adding replicas [] and removing replicas []. Previous leader epoch was -1. (state.change.logger)
[2022-10-11 14:06:15,667] INFO [Broker id=0] Leader __consumer_offsets-15 with topic id Some(nTE6-DxXQ5yw0lWHQB-uNw) starts at leader epoch 0 from offset 0 with partition epoch 0, high watermark 0, ISR [0], adding replicas [] and removing replicas []. Previous leader epoch was -1. (state.change.logger)
[2022-10-11 14:06:15,673] INFO [Broker id=0] Leader __consumer_offsets-30 with topic id Some(nTE6-DxXQ5yw0lWHQB-uNw) starts at leader epoch 0 from offset 0 with partition epoch 0, high watermark 0, ISR [0], adding replicas [] and removing replicas []. Previous leader epoch was -1. (state.change.logger)
[2022-10-11 14:06:15,679] INFO [Broker id=0] Leader __consumer_offsets-0 with topic id Some(nTE6-DxXQ5yw0lWHQB-uNw) starts at leader epoch 0 from offset 0 with partition epoch 0, high watermark 0, ISR [0], adding replicas [] and removing replicas []. Previous leader epoch was -1. (state.change.logger)
[2022-10-11 14:06:15,685] INFO [Broker id=0] Leader __consumer_offsets-35 with topic id Some(nTE6-DxXQ5yw0lWHQB-uNw) starts at leader epoch 0 from offset 0 with partition epoch 0, high watermark 0, ISR [0], adding replicas [] and removing replicas []. Previous leader epoch was -1. (state.change.logger)
[2022-10-11 14:06:15,693] INFO [Broker id=0] Leader __consumer_offsets-5 with topic id Some(nTE6-DxXQ5yw0lWHQB-uNw) starts at leader epoch 0 from offset 0 with partition epoch 0, high watermark 0, ISR [0], adding replicas [] and removing replicas []. Previous leader epoch was -1. (state.change.logger)
[2022-10-11 14:06:15,698] INFO [Broker id=0] Leader __consumer_offsets-20 with topic id Some(nTE6-DxXQ5yw0lWHQB-uNw) starts at leader epoch 0 from offset 0 with partition epoch 0, high watermark 0, ISR [0], adding replicas [] and removing replicas []. Previous leader epoch was -1. (state.change.logger)
[2022-10-11 14:06:15,706] INFO [Broker id=0] Leader __consumer_offsets-27 with topic id Some(nTE6-DxXQ5yw0lWHQB-uNw) starts at leader epoch 0 from offset 0 with partition epoch 0, high watermark 0, ISR [0], adding replicas [] and removing replicas []. Previous leader epoch was -1. (state.change.logger)
[2022-10-11 14:06:15,712] INFO [Broker id=0] Leader __consumer_offsets-42 with topic id Some(nTE6-DxXQ5yw0lWHQB-uNw) starts at leader epoch 0 from offset 0 with partition epoch 0, high watermark 0, ISR [0], adding replicas [] and removing replicas []. Previous leader epoch was -1. (state.change.logger)
[2022-10-11 14:06:15,718] INFO [Broker id=0] Leader __consumer_offsets-12 with topic id Some(nTE6-DxXQ5yw0lWHQB-uNw) starts at leader epoch 0 from offset 0 with partition epoch 0, high watermark 0, ISR [0], adding replicas [] and removing replicas []. Previous leader epoch was -1. (state.change.logger)
[2022-10-11 14:06:15,725] INFO [Broker id=0] Leader __consumer_offsets-21 with topic id Some(nTE6-DxXQ5yw0lWHQB-uNw) starts at leader epoch 0 from offset 0 with partition epoch 0, high watermark 0, ISR [0], adding replicas [] and removing replicas []. Previous leader epoch was -1. (state.change.logger)
[2022-10-11 14:06:15,731] INFO [Broker id=0] Leader __consumer_offsets-36 with topic id Some(nTE6-DxXQ5yw0lWHQB-uNw) starts at leader epoch 0 from offset 0 with partition epoch 0, high watermark 0, ISR [0], adding replicas [] and removing replicas []. Previous leader epoch was -1. (state.change.logger)
[2022-10-11 14:06:15,737] INFO [Broker id=0] Leader __consumer_offsets-6 with topic id Some(nTE6-DxXQ5yw0lWHQB-uNw) starts at leader epoch 0 from offset 0 with partition epoch 0, high watermark 0, ISR [0], adding replicas [] and removing replicas []. Previous leader epoch was -1. (state.change.logger)
[2022-10-11 14:06:15,743] INFO [Broker id=0] Leader __consumer_offsets-43 with topic id Some(nTE6-DxXQ5yw0lWHQB-uNw) starts at leader epoch 0 from offset 0 with partition epoch 0, high watermark 0, ISR [0], adding replicas [] and removing replicas []. Previous leader epoch was -1. (state.change.logger)
[2022-10-11 14:06:15,749] INFO [Broker id=0] Leader __consumer_offsets-13 with topic id Some(nTE6-DxXQ5yw0lWHQB-uNw) starts at leader epoch 0 from offset 0 with partition epoch 0, high watermark 0, ISR [0], adding replicas [] and removing replicas []. Previous leader epoch was -1. (state.change.logger)
[2022-10-11 14:06:15,756] INFO [Broker id=0] Leader __consumer_offsets-28 with topic id Some(nTE6-DxXQ5yw0lWHQB-uNw) starts at leader epoch 0 from offset 17 with partition epoch 0, high watermark 17, ISR [0], adding replicas [] and removing replicas []. Previous leader epoch was -1. (state.change.logger)
[2022-10-11 14:06:16,001] INFO [Broker id=0] Finished LeaderAndIsr request in 644ms correlationId 1 from controller 0 for 51 partitions (state.change.logger)
[2022-10-11 14:06:16,016] INFO [Broker id=0] Add 51 partitions and deleted 0 partitions from metadata cache in response to UpdateMetadata request sent by controller 0 epoch 2 with correlation id 2 (state.change.logger)
[2022-10-11 15:18:36,973] INFO [Controller id=0 epoch=2] Changed partition borrowing-events-0 state from NonExistentPartition to NewPartition with assigned replicas 0 (state.change.logger)
[2022-10-11 15:18:36,978] INFO [Controller id=0 epoch=2] Sending UpdateMetadata request to brokers HashSet() for 0 partitions (state.change.logger)
[2022-10-11 15:18:36,980] INFO [Controller id=0 epoch=2] Sending UpdateMetadata request to brokers HashSet() for 0 partitions (state.change.logger)
[2022-10-11 15:18:37,014] INFO [Controller id=0 epoch=2] Changed partition borrowing-events-0 from NewPartition to OnlinePartition with state LeaderAndIsr(leader=0, leaderEpoch=0, isr=List(0), leaderRecoveryState=RECOVERED, partitionEpoch=0) (state.change.logger)
[2022-10-11 15:18:37,014] INFO [Controller id=0 epoch=2] Sending LeaderAndIsr request to broker 0 with 1 become-leader and 0 become-follower partitions (state.change.logger)
[2022-10-11 15:18:37,015] INFO [Controller id=0 epoch=2] Sending UpdateMetadata request to brokers HashSet(0) for 1 partitions (state.change.logger)
[2022-10-11 15:18:37,016] INFO [Controller id=0 epoch=2] Sending UpdateMetadata request to brokers HashSet() for 0 partitions (state.change.logger)
[2022-10-11 15:18:37,029] INFO [Broker id=0] Handling LeaderAndIsr request correlationId 3 from controller 0 for 1 partitions (state.change.logger)
[2022-10-11 15:18:37,032] INFO [Broker id=0] Stopped fetchers as part of LeaderAndIsr request correlationId 3 from controller 0 epoch 2 as part of the become-leader transition for 1 partitions (state.change.logger)
[2022-10-11 15:18:37,062] INFO [Broker id=0] Leader borrowing-events-0 with topic id Some(bhSCx7GgRviUFKVejm7COw) starts at leader epoch 0 from offset 0 with partition epoch 0, high watermark 0, ISR [0], adding replicas [] and removing replicas []. Previous leader epoch was -1. (state.change.logger)
[2022-10-11 15:18:37,077] INFO [Broker id=0] Finished LeaderAndIsr request in 48ms correlationId 3 from controller 0 for 1 partitions (state.change.logger)
[2022-10-11 15:18:37,081] INFO [Broker id=0] Add 1 partitions and deleted 0 partitions from metadata cache in response to UpdateMetadata request sent by controller 0 epoch 2 with correlation id 4 (state.change.logger)
